<?xml version="1.0" encoding="UTF-8"?>
<!-- Generated by org.testng.reporters.JUnitXMLReporter -->
<testsuite ignored="0" hostname="LAPTOP-L4IJSUIS" failures="0" tests="3" name="Default test" time="37.297" errors="0" timestamp="2022-06-10T11:42:52 IST">
  <testcase classname="TestSuites.TestCases" name="carwash" time="14.809"/>
  <testcase classname="TestSuites.TestCases" name="listing" time="7.672"/>
  <testcase classname="TestSuites.TestCases" name="retrieve" time="5.758"/>
</testsuite> <!-- Default test -->
