<?xml version="1.0" encoding="UTF-8"?>
<!-- Generated by org.testng.reporters.JUnitXMLReporter -->
<testsuite ignored="0" hostname="LAPTOP-DCTCO5GL" failures="0" tests="3" name="SeleniumTesting" time="27.357" errors="0" timestamp="06 May 2022 16:04:48 GMT">
  <testcase classname="TestSuites.TestCases" name="carwash" time="14.825"/>
  <testcase classname="TestSuites.TestCases" name="listing" time="4.47"/>
  <testcase classname="TestSuites.TestCases" name="retrieve" time="4.936"/>
</testsuite> <!-- SeleniumTesting -->
