<?xml version="1.0" encoding="UTF-8"?>
<testng-results ignored="0" total="3" passed="3" failed="0" skipped="0">
  <reporter-output>
  </reporter-output>
  <suite started-at="2022-06-10T11:42:15 IST" name="Default suite" finished-at="2022-06-10T11:42:52 IST" duration-ms="37297">
    <groups>
    </groups>
    <test started-at="2022-06-10T11:42:15 IST" name="Default test" finished-at="2022-06-10T11:42:52 IST" duration-ms="37297">
      <class name="TestSuites.TestCases">
        <test-method is-config="true" signature="invokeBrowser()[pri:0, instance:TestSuites.TestCases@5e21e98f]" started-at="2022-06-10T11:42:15 IST" name="invokeBrowser" finished-at="2022-06-10T11:42:23 IST" duration-ms="8141" status="PASS">
          <reporter-output>
          </reporter-output>
        </test-method> <!-- invokeBrowser -->
        <test-method signature="carwash()[pri:1, instance:TestSuites.TestCases@5e21e98f]" started-at="2022-06-10T11:42:23 IST" name="carwash" finished-at="2022-06-10T11:42:38 IST" duration-ms="14809" status="PASS">
          <reporter-output>
          </reporter-output>
        </test-method> <!-- carwash -->
        <test-method signature="listing()[pri:2, instance:TestSuites.TestCases@5e21e98f]" started-at="2022-06-10T11:42:38 IST" name="listing" finished-at="2022-06-10T11:42:45 IST" duration-ms="7672" status="PASS">
          <reporter-output>
          </reporter-output>
        </test-method> <!-- listing -->
        <test-method signature="retrieve()[pri:3, instance:TestSuites.TestCases@5e21e98f]" started-at="2022-06-10T11:42:45 IST" name="retrieve" finished-at="2022-06-10T11:42:51 IST" duration-ms="5758" status="PASS">
          <reporter-output>
          </reporter-output>
        </test-method> <!-- retrieve -->
        <test-method is-config="true" signature="closeBrowser()[pri:0, instance:TestSuites.TestCases@5e21e98f]" started-at="2022-06-10T11:42:51 IST" name="closeBrowser" finished-at="2022-06-10T11:42:52 IST" duration-ms="863" status="PASS">
          <reporter-output>
          </reporter-output>
        </test-method> <!-- closeBrowser -->
      </class> <!-- TestSuites.TestCases -->
    </test> <!-- Default test -->
  </suite> <!-- Default suite -->
</testng-results>
